Performing C SOURCE FILE Test CMAKE_HAVE_LIBC_PTHREAD failed with the following output:
Change Dir: /home/pasha/PirateCoin/piratecoin/build/release/CMakeFiles/CMakeTmp

Run Build Command(s):/usr/bin/make cmTC_a2f98/fast && make[1]: Entering directory '/home/pasha/PirateCoin/piratecoin/build/release/CMakeFiles/CMakeTmp'
/usr/bin/make -f CMakeFiles/cmTC_a2f98.dir/build.make CMakeFiles/cmTC_a2f98.dir/build
make[2]: Entering directory '/home/pasha/PirateCoin/piratecoin/build/release/CMakeFiles/CMakeTmp'
Building C object CMakeFiles/cmTC_a2f98.dir/src.c.o
/usr/bin/cc   -std=c11  -Wall -Wextra -Wpointer-arith -Wundef -Wvla -Wwrite-strings -Werror -Wno-error=extra -Wno-error=unused-function -Wno-error=deprecated-declarations -Wno-error=sign-compare -Wno-error=strict-aliasing -Wno-error=type-limits -Wno-unused-parameter -Wno-error=unused-variable -Wno-error=undef -Wno-error=uninitialized -Wno-error=unused-result -Wlogical-op -Wno-error=maybe-uninitialized -Wno-error=clobbered -Wno-error=unused-but-set-variable -Wno-error=odr -Waggregate-return -Wnested-externs -Wold-style-definition -Wstrict-prototypes -march=native -maes -DCMAKE_HAVE_LIBC_PTHREAD   -o CMakeFiles/cmTC_a2f98.dir/src.c.o   -c /home/pasha/PirateCoin/piratecoin/build/release/CMakeFiles/CMakeTmp/src.c
Linking C executable cmTC_a2f98
/home/pasha/.local/lib/python2.7/site-packages/cmake/data/bin/cmake -E cmake_link_script CMakeFiles/cmTC_a2f98.dir/link.txt --verbose=1
/usr/bin/cc  -std=c11  -Wall -Wextra -Wpointer-arith -Wundef -Wvla -Wwrite-strings -Werror -Wno-error=extra -Wno-error=unused-function -Wno-error=deprecated-declarations -Wno-error=sign-compare -Wno-error=strict-aliasing -Wno-error=type-limits -Wno-unused-parameter -Wno-error=unused-variable -Wno-error=undef -Wno-error=uninitialized -Wno-error=unused-result -Wlogical-op -Wno-error=maybe-uninitialized -Wno-error=clobbered -Wno-error=unused-but-set-variable -Wno-error=odr -Waggregate-return -Wnested-externs -Wold-style-definition -Wstrict-prototypes -march=native -maes -DCMAKE_HAVE_LIBC_PTHREAD    -rdynamic CMakeFiles/cmTC_a2f98.dir/src.c.o  -o cmTC_a2f98 
CMakeFiles/cmTC_a2f98.dir/src.c.o: In function `main':
src.c:(.text+0x3e): undefined reference to `pthread_create'
src.c:(.text+0x4a): undefined reference to `pthread_detach'
src.c:(.text+0x5b): undefined reference to `pthread_join'
src.c:(.text+0x6f): undefined reference to `pthread_atfork'
collect2: error: ld returned 1 exit status
CMakeFiles/cmTC_a2f98.dir/build.make:86: recipe for target 'cmTC_a2f98' failed
make[2]: *** [cmTC_a2f98] Error 1
make[2]: Leaving directory '/home/pasha/PirateCoin/piratecoin/build/release/CMakeFiles/CMakeTmp'
Makefile:121: recipe for target 'cmTC_a2f98/fast' failed
make[1]: *** [cmTC_a2f98/fast] Error 2
make[1]: Leaving directory '/home/pasha/PirateCoin/piratecoin/build/release/CMakeFiles/CMakeTmp'


Source file was:
#include <pthread.h>

void* test_func(void* data)
{
  return data;
}

int main(void)
{
  pthread_t thread;
  pthread_create(&thread, NULL, test_func, NULL);
  pthread_detach(thread);
  pthread_join(thread, NULL);
  pthread_atfork(NULL, NULL, NULL);
  pthread_exit(NULL);

  return 0;
}

Determining if the function pthread_create exists in the pthreads failed with the following output:
Change Dir: /home/pasha/PirateCoin/piratecoin/build/release/CMakeFiles/CMakeTmp

Run Build Command(s):/usr/bin/make cmTC_56cbb/fast && make[1]: Entering directory '/home/pasha/PirateCoin/piratecoin/build/release/CMakeFiles/CMakeTmp'
/usr/bin/make -f CMakeFiles/cmTC_56cbb.dir/build.make CMakeFiles/cmTC_56cbb.dir/build
make[2]: Entering directory '/home/pasha/PirateCoin/piratecoin/build/release/CMakeFiles/CMakeTmp'
Building C object CMakeFiles/cmTC_56cbb.dir/CheckFunctionExists.c.o
/usr/bin/cc   -std=c11  -Wall -Wextra -Wpointer-arith -Wundef -Wvla -Wwrite-strings -Werror -Wno-error=extra -Wno-error=unused-function -Wno-error=deprecated-declarations -Wno-error=sign-compare -Wno-error=strict-aliasing -Wno-error=type-limits -Wno-unused-parameter -Wno-error=unused-variable -Wno-error=undef -Wno-error=uninitialized -Wno-error=unused-result -Wlogical-op -Wno-error=maybe-uninitialized -Wno-error=clobbered -Wno-error=unused-but-set-variable -Wno-error=odr -Waggregate-return -Wnested-externs -Wold-style-definition -Wstrict-prototypes -march=native -maes -DCHECK_FUNCTION_EXISTS=pthread_create   -o CMakeFiles/cmTC_56cbb.dir/CheckFunctionExists.c.o   -c /home/pasha/.local/lib/python2.7/site-packages/cmake/data/share/cmake-3.16/Modules/CheckFunctionExists.c
Linking C executable cmTC_56cbb
/home/pasha/.local/lib/python2.7/site-packages/cmake/data/bin/cmake -E cmake_link_script CMakeFiles/cmTC_56cbb.dir/link.txt --verbose=1
/usr/bin/cc  -std=c11  -Wall -Wextra -Wpointer-arith -Wundef -Wvla -Wwrite-strings -Werror -Wno-error=extra -Wno-error=unused-function -Wno-error=deprecated-declarations -Wno-error=sign-compare -Wno-error=strict-aliasing -Wno-error=type-limits -Wno-unused-parameter -Wno-error=unused-variable -Wno-error=undef -Wno-error=uninitialized -Wno-error=unused-result -Wlogical-op -Wno-error=maybe-uninitialized -Wno-error=clobbered -Wno-error=unused-but-set-variable -Wno-error=odr -Waggregate-return -Wnested-externs -Wold-style-definition -Wstrict-prototypes -march=native -maes -DCHECK_FUNCTION_EXISTS=pthread_create    -rdynamic CMakeFiles/cmTC_56cbb.dir/CheckFunctionExists.c.o  -o cmTC_56cbb  -lpthreads 
/usr/bin/ld: cannot find -lpthreads
collect2: error: ld returned 1 exit status
CMakeFiles/cmTC_56cbb.dir/build.make:86: recipe for target 'cmTC_56cbb' failed
make[2]: *** [cmTC_56cbb] Error 1
make[2]: Leaving directory '/home/pasha/PirateCoin/piratecoin/build/release/CMakeFiles/CMakeTmp'
Makefile:121: recipe for target 'cmTC_56cbb/fast' failed
make[1]: *** [cmTC_56cbb/fast] Error 2
make[1]: Leaving directory '/home/pasha/PirateCoin/piratecoin/build/release/CMakeFiles/CMakeTmp'



